[01/Jul/2021:23:44:08 +0530] ::1 TLSv1.3 TLS_AES_256_GCM_SHA384 "GET /project/index.html HTTP/1.1" 54
[01/Jul/2021:23:44:08 +0530] ::1 TLSv1.3 TLS_AES_256_GCM_SHA384 "GET /favicon.ico HTTP/1.1" 30894
[01/Jul/2021:23:44:10 +0530] ::1 TLSv1.3 TLS_AES_256_GCM_SHA384 "GET /project/page-2.html HTTP/1.1" 17
[28/Jul/2021:17:59:04 +0530] ::1 TLSv1.3 TLS_AES_256_GCM_SHA384 "GET / HTTP/1.1" -
[28/Jul/2021:17:59:04 +0530] ::1 TLSv1.3 TLS_AES_256_GCM_SHA384 "GET /dashboard/ HTTP/1.1" 7576
[28/Jul/2021:17:59:05 +0530] ::1 TLSv1.3 TLS_AES_256_GCM_SHA384 "GET /dashboard/stylesheets/normalize.css HTTP/1.1" 6876
[28/Jul/2021:17:59:05 +0530] ::1 TLSv1.3 TLS_AES_256_GCM_SHA384 "GET /dashboard/stylesheets/all.css HTTP/1.1" 481698
[28/Jul/2021:17:59:05 +0530] ::1 TLSv1.3 TLS_AES_256_GCM_SHA384 "GET /dashboard/javascripts/modernizr.js HTTP/1.1" 51365
[28/Jul/2021:17:59:05 +0530] ::1 TLSv1.3 TLS_AES_256_GCM_SHA384 "GET /dashboard/images/bitnami-xampp.png HTTP/1.1" 22133
[28/Jul/2021:17:59:05 +0530] ::1 TLSv1.3 TLS_AES_256_GCM_SHA384 "GET /dashboard/images/xampp-logo.svg HTTP/1.1" 5427
[28/Jul/2021:17:59:05 +0530] ::1 TLSv1.3 TLS_AES_256_GCM_SHA384 "GET /dashboard/images/fastly-logo.png HTTP/1.1" 1770
[28/Jul/2021:17:59:05 +0530] ::1 TLSv1.3 TLS_AES_256_GCM_SHA384 "GET /dashboard/images/social-icons.png HTTP/1.1" 3361
[28/Jul/2021:17:59:05 +0530] ::1 TLSv1.3 TLS_AES_256_GCM_SHA384 "GET /dashboard/javascripts/all.js HTTP/1.1" 188385
[28/Jul/2021:17:59:06 +0530] ::1 TLSv1.3 TLS_AES_256_GCM_SHA384 "GET /dashboard/images/favicon.png HTTP/1.1" 2508
[28/Jul/2021:17:59:08 +0530] ::1 TLSv1.3 TLS_AES_256_GCM_SHA384 "GET /phpmyadmin/ HTTP/1.1" 15967
[28/Jul/2021:17:59:09 +0530] ::1 TLSv1.3 TLS_AES_256_GCM_SHA384 "GET /phpmyadmin/themes/pmahomme/jquery/jquery-ui.css HTTP/1.1" 36566
[28/Jul/2021:17:59:08 +0530] ::1 TLSv1.3 TLS_AES_256_GCM_SHA384 "GET /phpmyadmin/ HTTP/1.1" 15963
[28/Jul/2021:17:59:09 +0530] ::1 TLSv1.3 TLS_AES_256_GCM_SHA384 "GET /phpmyadmin/themes/pmahomme/css/theme.css?v=5.1.1&nocache=2262747832ltr&server=1 HTTP/1.1" 214799
[28/Jul/2021:17:59:09 +0530] ::1 TLSv1.3 TLS_AES_256_GCM_SHA384 "GET /phpmyadmin/js/vendor/codemirror/addon/hint/show-hint.css?v=5.1.1 HTTP/1.1" 623
[28/Jul/2021:17:59:09 +0530] ::1 TLSv1.3 TLS_AES_256_GCM_SHA384 "GET /phpmyadmin/js/vendor/codemirror/lib/codemirror.css?v=5.1.1 HTTP/1.1" 8722
[28/Jul/2021:17:59:09 +0530] ::1 TLSv1.3 TLS_AES_256_GCM_SHA384 "GET /phpmyadmin/js/dist/indexes.js?v=5.1.1 HTTP/1.1" 26344
[28/Jul/2021:17:59:09 +0530] ::1 TLSv1.3 TLS_AES_256_GCM_SHA384 "GET /phpmyadmin/js/vendor/jquery/jquery-migrate.js?v=5.1.1 HTTP/1.1" 25300
[28/Jul/2021:17:59:09 +0530] ::1 TLSv1.3 TLS_AES_256_GCM_SHA384 "GET /phpmyadmin/js/vendor/sprintf.js?v=5.1.1 HTTP/1.1" 7409
[28/Jul/2021:17:59:09 +0530] ::1 TLSv1.3 TLS_AES_256_GCM_SHA384 "GET /phpmyadmin/js/dist/keyhandler.js?v=5.1.1 HTTP/1.1" 3003
[28/Jul/2021:17:59:09 +0530] ::1 TLSv1.3 TLS_AES_256_GCM_SHA384 "GET /phpmyadmin/js/dist/ajax.js?v=5.1.1 HTTP/1.1" 31313
[28/Jul/2021:17:59:09 +0530] ::1 TLSv1.3 TLS_AES_256_GCM_SHA384 "GET /phpmyadmin/js/vendor/codemirror/addon/lint/lint.css?v=5.1.1 HTTP/1.1" 2878
[28/Jul/2021:17:59:09 +0530] ::1 TLSv1.3 TLS_AES_256_GCM_SHA384 "GET /phpmyadmin/js/vendor/jquery/jquery.mousewheel.js?v=5.1.1 HTTP/1.1" 8267
[28/Jul/2021:17:59:09 +0530] ::1 TLSv1.3 TLS_AES_256_GCM_SHA384 "GET /phpmyadmin/js/vendor/bootstrap/bootstrap.bundle.min.js?v=5.1.1 HTTP/1.1" 84152
[28/Jul/2021:17:59:09 +0530] ::1 TLSv1.3 TLS_AES_256_GCM_SHA384 "GET /phpmyadmin/js/vendor/jquery/jquery.ba-hashchange-2.0.js?v=5.1.1 HTTP/1.1" 10505
[28/Jul/2021:17:59:09 +0530] ::1 TLSv1.3 TLS_AES_256_GCM_SHA384 "GET /phpmyadmin/js/vendor/js.cookie.js?v=5.1.1 HTTP/1.1" 3883
[28/Jul/2021:17:59:09 +0530] ::1 TLSv1.3 TLS_AES_256_GCM_SHA384 "GET /phpmyadmin/js/vendor/jquery/jquery.min.js?v=5.1.1 HTTP/1.1" 89476
[28/Jul/2021:17:59:09 +0530] ::1 TLSv1.3 TLS_AES_256_GCM_SHA384 "GET /phpmyadmin/js/vendor/jquery/jquery.debounce-1.0.6.js?v=5.1.1 HTTP/1.1" 1608
[28/Jul/2021:17:59:09 +0530] ::1 TLSv1.3 TLS_AES_256_GCM_SHA384 "GET /phpmyadmin/js/vendor/jquery/jquery.validate.js?v=5.1.1 HTTP/1.1" 50963
[28/Jul/2021:17:59:09 +0530] ::1 TLSv1.3 TLS_AES_256_GCM_SHA384 "GET /phpmyadmin/js/dist/cross_framing_protection.js?v=5.1.1 HTTP/1.1" 419
[28/Jul/2021:17:59:09 +0530] ::1 TLSv1.3 TLS_AES_256_GCM_SHA384 "GET /phpmyadmin/js/dist/menu_resizer.js?v=5.1.1 HTTP/1.1" 5644
[28/Jul/2021:17:59:09 +0530] ::1 TLSv1.3 TLS_AES_256_GCM_SHA384 "GET /phpmyadmin/js/vendor/jquery/jquery-ui-timepicker-addon.js?v=5.1.1 HTTP/1.1" 78475
[28/Jul/2021:17:59:09 +0530] ::1 TLSv1.3 TLS_AES_256_GCM_SHA384 "GET /phpmyadmin/js/dist/rte.js?v=5.1.1 HTTP/1.1" 40074
[28/Jul/2021:17:59:09 +0530] ::1 TLSv1.3 TLS_AES_256_GCM_SHA384 "GET /phpmyadmin/js/dist/config.js?v=5.1.1 HTTP/1.1" 24956
[28/Jul/2021:17:59:09 +0530] ::1 TLSv1.3 TLS_AES_256_GCM_SHA384 "GET /phpmyadmin/js/dist/doclinks.js?v=5.1.1 HTTP/1.1" 18275
[28/Jul/2021:17:59:09 +0530] ::1 TLSv1.3 TLS_AES_256_GCM_SHA384 "GET /phpmyadmin/js/vendor/jquery/jquery-ui.min.js?v=5.1.1 HTTP/1.1" 253669
[28/Jul/2021:17:59:09 +0530] ::1 TLSv1.3 TLS_AES_256_GCM_SHA384 "GET /phpmyadmin/js/dist/error_report.js?v=5.1.1 HTTP/1.1" 9621
[28/Jul/2021:17:59:09 +0530] ::1 TLSv1.3 TLS_AES_256_GCM_SHA384 "GET /phpmyadmin/js/dist/navigation.js?v=5.1.1 HTTP/1.1" 54678
[28/Jul/2021:17:59:09 +0530] ::1 TLSv1.3 TLS_AES_256_GCM_SHA384 "GET /phpmyadmin/js/dist/common.js?v=5.1.1 HTTP/1.1" 4367
[28/Jul/2021:17:59:09 +0530] ::1 TLSv1.3 TLS_AES_256_GCM_SHA384 "GET /phpmyadmin/js/dist/functions.js?v=5.1.1 HTTP/1.1" 160967
[28/Jul/2021:17:59:09 +0530] ::1 TLSv1.3 TLS_AES_256_GCM_SHA384 "GET /phpmyadmin/js/vendor/tracekit.js?v=5.1.1 HTTP/1.1" 45389
[28/Jul/2021:17:59:09 +0530] ::1 TLSv1.3 TLS_AES_256_GCM_SHA384 "GET /phpmyadmin/js/dist/page_settings.js?v=5.1.1 HTTP/1.1" 1568
[28/Jul/2021:17:59:09 +0530] ::1 TLSv1.3 TLS_AES_256_GCM_SHA384 "GET /phpmyadmin/js/dist/shortcuts_handler.js?v=5.1.1 HTTP/1.1" 3326
[28/Jul/2021:17:59:09 +0530] ::1 TLSv1.3 TLS_AES_256_GCM_SHA384 "GET /phpmyadmin/js/dist/drag_drop_import.js?v=5.1.1 HTTP/1.1" 12308
[28/Jul/2021:17:59:09 +0530] ::1 TLSv1.3 TLS_AES_256_GCM_SHA384 "GET /phpmyadmin/js/messages.php?l=en&v=5.1.1&lang=en HTTP/1.1" 7921
[28/Jul/2021:17:59:09 +0530] ::1 TLSv1.3 TLS_AES_256_GCM_SHA384 "GET /phpmyadmin/js/vendor/codemirror/mode/sql/sql.js?v=5.1.1 HTTP/1.1" 47998
[28/Jul/2021:17:59:09 +0530] ::1 TLSv1.3 TLS_AES_256_GCM_SHA384 "GET /phpmyadmin/js/vendor/codemirror/addon/runmode/runmode.js?v=5.1.1 HTTP/1.1" 2773
[28/Jul/2021:17:59:09 +0530] ::1 TLSv1.3 TLS_AES_256_GCM_SHA384 "GET /phpmyadmin/js/vendor/codemirror/addon/hint/show-hint.js?v=5.1.1 HTTP/1.1" 19089
[28/Jul/2021:17:59:09 +0530] ::1 TLSv1.3 TLS_AES_256_GCM_SHA384 "GET /phpmyadmin/js/vendor/codemirror/addon/lint/lint.js?v=5.1.1 HTTP/1.1" 9125
[28/Jul/2021:17:59:09 +0530] ::1 TLSv1.3 TLS_AES_256_GCM_SHA384 "GET /phpmyadmin/js/vendor/codemirror/addon/hint/sql-hint.js?v=5.1.1 HTTP/1.1" 9604
[28/Jul/2021:17:59:09 +0530] ::1 TLSv1.3 TLS_AES_256_GCM_SHA384 "GET /phpmyadmin/js/vendor/codemirror/lib/codemirror.js?v=5.1.1 HTTP/1.1" 398364
[28/Jul/2021:17:59:09 +0530] ::1 TLSv1.3 TLS_AES_256_GCM_SHA384 "GET /phpmyadmin/js/dist/codemirror/addon/lint/sql-lint.js?v=5.1.1 HTTP/1.1" 959
[28/Jul/2021:17:59:09 +0530] ::1 TLSv1.3 TLS_AES_256_GCM_SHA384 "GET /phpmyadmin/js/dist/console.js?v=5.1.1 HTTP/1.1" 49656
[28/Jul/2021:17:59:09 +0530] ::1 TLSv1.3 TLS_AES_256_GCM_SHA384 "GET /phpmyadmin/themes/pmahomme/img/logo_left.png HTTP/1.1" 2713
[28/Jul/2021:17:59:09 +0530] ::1 TLSv1.3 TLS_AES_256_GCM_SHA384 "GET /phpmyadmin/themes/dot.gif HTTP/1.1" 43
[28/Jul/2021:17:59:09 +0530] ::1 TLSv1.3 TLS_AES_256_GCM_SHA384 "GET /phpmyadmin/themes/pmahomme/css/printview.css?v=5.1.1 HTTP/1.1" 1392
[28/Jul/2021:17:59:10 +0530] ::1 TLSv1.3 TLS_AES_256_GCM_SHA384 "GET /phpmyadmin/themes/pmahomme/img/left_nav_bg.png HTTP/1.1" 146
[28/Jul/2021:17:59:10 +0530] ::1 TLSv1.3 TLS_AES_256_GCM_SHA384 "GET /phpmyadmin/themes/pmahomme/img/s_cog.png HTTP/1.1" 442
[28/Jul/2021:17:59:10 +0530] ::1 TLSv1.3 TLS_AES_256_GCM_SHA384 "GET /phpmyadmin/themes/pmahomme/img/b_sqlhelp.png HTTP/1.1" 512
[28/Jul/2021:17:59:10 +0530] ::1 TLSv1.3 TLS_AES_256_GCM_SHA384 "GET /phpmyadmin/themes/pmahomme/img/s_loggoff.png HTTP/1.1" 626
[28/Jul/2021:17:59:10 +0530] ::1 TLSv1.3 TLS_AES_256_GCM_SHA384 "GET /phpmyadmin/themes/pmahomme/img/s_reload.png HTTP/1.1" 527
[28/Jul/2021:17:59:10 +0530] ::1 TLSv1.3 TLS_AES_256_GCM_SHA384 "GET /phpmyadmin/themes/pmahomme/img/b_home.png HTTP/1.1" 734
[28/Jul/2021:17:59:10 +0530] ::1 TLSv1.3 TLS_AES_256_GCM_SHA384 "GET /phpmyadmin/themes/pmahomme/img/b_newdb.png HTTP/1.1" 585
[28/Jul/2021:17:59:10 +0530] ::1 TLSv1.3 TLS_AES_256_GCM_SHA384 "GET /phpmyadmin/themes/pmahomme/img/b_docs.png HTTP/1.1" 705
[28/Jul/2021:17:59:10 +0530] ::1 TLSv1.3 TLS_AES_256_GCM_SHA384 "GET /phpmyadmin/themes/pmahomme/img/s_db.png HTTP/1.1" 328
[28/Jul/2021:17:59:10 +0530] ::1 TLSv1.3 TLS_AES_256_GCM_SHA384 "GET /phpmyadmin/themes/pmahomme/img/s_link.png HTTP/1.1" 280
[28/Jul/2021:17:59:10 +0530] ::1 TLSv1.3 TLS_AES_256_GCM_SHA384 "GET /phpmyadmin/themes/pmahomme/img/b_sql.png HTTP/1.1" 680
[28/Jul/2021:17:59:10 +0530] ::1 TLSv1.3 TLS_AES_256_GCM_SHA384 "GET /phpmyadmin/themes/pmahomme/img/s_host.png HTTP/1.1" 591
[28/Jul/2021:17:59:10 +0530] ::1 TLSv1.3 TLS_AES_256_GCM_SHA384 "GET /phpmyadmin/themes/pmahomme/img/b_plus.png HTTP/1.1" 143
[28/Jul/2021:17:59:10 +0530] ::1 TLSv1.3 TLS_AES_256_GCM_SHA384 "GET /phpmyadmin/themes/pmahomme/img/s_rights.png HTTP/1.1" 461
[28/Jul/2021:17:59:10 +0530] ::1 TLSv1.3 TLS_AES_256_GCM_SHA384 "GET /phpmyadmin/themes/pmahomme/img/s_status.png HTTP/1.1" 600
[28/Jul/2021:17:59:10 +0530] ::1 TLSv1.3 TLS_AES_256_GCM_SHA384 "GET /phpmyadmin/themes/pmahomme/img/b_export.png HTTP/1.1" 514
[28/Jul/2021:17:59:10 +0530] ::1 TLSv1.3 TLS_AES_256_GCM_SHA384 "GET /phpmyadmin/themes/pmahomme/img/s_replication.png HTTP/1.1" 399
[28/Jul/2021:17:59:10 +0530] ::1 TLSv1.3 TLS_AES_256_GCM_SHA384 "GET /phpmyadmin/themes/pmahomme/img/b_import.png HTTP/1.1" 556
[28/Jul/2021:17:59:10 +0530] ::1 TLSv1.3 TLS_AES_256_GCM_SHA384 "GET /phpmyadmin/themes/pmahomme/img/b_tblops.png HTTP/1.1" 537
[28/Jul/2021:17:59:10 +0530] ::1 TLSv1.3 TLS_AES_256_GCM_SHA384 "GET /phpmyadmin/themes/pmahomme/img/b_engine.png HTTP/1.1" 398
[28/Jul/2021:17:59:10 +0530] ::1 TLSv1.3 TLS_AES_256_GCM_SHA384 "GET /phpmyadmin/themes/pmahomme/img/s_asci.png HTTP/1.1" 148
[28/Jul/2021:17:59:10 +0530] ::1 TLSv1.3 TLS_AES_256_GCM_SHA384 "GET /phpmyadmin/themes/pmahomme/img/b_plugin.png HTTP/1.1" 512
[28/Jul/2021:17:59:10 +0530] ::1 TLSv1.3 TLS_AES_256_GCM_SHA384 "GET /phpmyadmin/themes/pmahomme/img/console.png HTTP/1.1" 292
[28/Jul/2021:17:59:10 +0530] ::1 TLSv1.3 TLS_AES_256_GCM_SHA384 "GET /phpmyadmin/themes/pmahomme/img/s_top.png HTTP/1.1" 220
[28/Jul/2021:17:59:10 +0530] ::1 TLSv1.3 TLS_AES_256_GCM_SHA384 "GET /phpmyadmin/themes/pmahomme/img/s_vars.png HTTP/1.1" 523
[28/Jul/2021:17:59:10 +0530] ::1 TLSv1.3 TLS_AES_256_GCM_SHA384 "GET /phpmyadmin/themes/pmahomme/img/window-new.png HTTP/1.1" 468
[28/Jul/2021:17:59:10 +0530] ::1 TLSv1.3 TLS_AES_256_GCM_SHA384 "GET /phpmyadmin/themes/pmahomme/img/b_help.png HTTP/1.1" 705
[28/Jul/2021:17:59:10 +0530] ::1 TLSv1.3 TLS_AES_256_GCM_SHA384 "GET /phpmyadmin/themes/pmahomme/img/s_lang.png HTTP/1.1" 659
[28/Jul/2021:17:59:10 +0530] ::1 TLSv1.3 TLS_AES_256_GCM_SHA384 "GET /phpmyadmin/themes/pmahomme/img/s_theme.png HTTP/1.1" 772
[28/Jul/2021:17:59:11 +0530] ::1 TLSv1.3 TLS_AES_256_GCM_SHA384 "GET /phpmyadmin/favicon.ico HTTP/1.1" 22486
[28/Jul/2021:17:59:10 +0530] ::1 TLSv1.3 TLS_AES_256_GCM_SHA384 "POST /phpmyadmin/index.php?route=/config/get HTTP/1.1" 1656
[28/Jul/2021:17:59:10 +0530] ::1 TLSv1.3 TLS_AES_256_GCM_SHA384 "POST /phpmyadmin/index.php?route=/config/get HTTP/1.1" 1564
[28/Jul/2021:17:59:10 +0530] ::1 TLSv1.3 TLS_AES_256_GCM_SHA384 "POST /phpmyadmin/index.php?route=/navigation&ajax_request=1 HTTP/1.1" 2369
[28/Jul/2021:17:59:10 +0530] ::1 TLSv1.3 TLS_AES_256_GCM_SHA384 "POST /phpmyadmin/index.php?route=/version-check HTTP/1.1" 64
[28/Jul/2021:17:59:10 +0530] ::1 TLSv1.3 TLS_AES_256_GCM_SHA384 "POST /phpmyadmin/index.php?route=/database/structure/favorite-table&ajax_request=1&favorite_table=1&sync_favorite_tables=1&lang=en HTTP/1.1" 155
[28/Jul/2021:17:59:11 +0530] ::1 TLSv1.3 TLS_AES_256_GCM_SHA384 "POST /phpmyadmin/index.php?route=/config/set HTTP/1.1" 1555
[28/Jul/2021:17:59:37 +0530] ::1 TLSv1.3 TLS_AES_256_GCM_SHA384 "GET /web/admin HTTP/1.1" 336
[28/Jul/2021:17:59:37 +0530] ::1 TLSv1.3 TLS_AES_256_GCM_SHA384 "GET /web/admin/ HTTP/1.1" 16803
[28/Jul/2021:17:59:37 +0530] ::1 TLSv1.3 TLS_AES_256_GCM_SHA384 "GET /web/admin/assets/demo/demo.css HTTP/1.1" 1027
[28/Jul/2021:17:59:37 +0530] ::1 TLSv1.3 TLS_AES_256_GCM_SHA384 "GET /web/admin/assets/js/core/popper.min.js HTTP/1.1" 33477
[28/Jul/2021:17:59:37 +0530] ::1 TLSv1.3 TLS_AES_256_GCM_SHA384 "GET /web/admin/assets/js/core/bootstrap-material-design.min.js HTTP/1.1" 76652
[28/Jul/2021:17:59:37 +0530] ::1 TLSv1.3 TLS_AES_256_GCM_SHA384 "GET /web/admin/assets/js/plugins/moment.min.js HTTP/1.1" 58687
[28/Jul/2021:17:59:37 +0530] ::1 TLSv1.3 TLS_AES_256_GCM_SHA384 "GET /web/admin/assets/js/plugins/sweetalert2.js HTTP/1.1" 123144
[28/Jul/2021:17:59:37 +0530] ::1 TLSv1.3 TLS_AES_256_GCM_SHA384 "GET /web/admin/assets/js/plugins/perfect-scrollbar.jquery.min.js HTTP/1.1" 25332
[28/Jul/2021:17:59:38 +0530] ::1 TLSv1.3 TLS_AES_256_GCM_SHA384 "GET /web/admin/assets/js/plugins/jquery.validate.min.js HTTP/1.1" 21090
[28/Jul/2021:17:59:38 +0530] ::1 TLSv1.3 TLS_AES_256_GCM_SHA384 "GET /web/admin/assets/js/plugins/bootstrap-selectpicker.js HTTP/1.1" 99232
[28/Jul/2021:17:59:38 +0530] ::1 TLSv1.3 TLS_AES_256_GCM_SHA384 "GET /web/admin/assets/js/core/jquery.min.js HTTP/1.1" 145741
[28/Jul/2021:17:59:38 +0530] ::1 TLSv1.3 TLS_AES_256_GCM_SHA384 "GET /web/admin/assets/js/plugins/jquery.bootstrap-wizard.js HTTP/1.1" 13071
[28/Jul/2021:17:59:37 +0530] ::1 TLSv1.3 TLS_AES_256_GCM_SHA384 "GET /web/admin/assets/css/material-dashboard.css?v=2.1.2 HTTP/1.1" 428233
[28/Jul/2021:17:59:38 +0530] ::1 TLSv1.3 TLS_AES_256_GCM_SHA384 "GET /web/admin/assets/js/plugins/bootstrap-tagsinput.js HTTP/1.1" 22318
[28/Jul/2021:17:59:38 +0530] ::1 TLSv1.3 TLS_AES_256_GCM_SHA384 "GET /web/admin/assets/js/plugins/bootstrap-datetimepicker.min.js HTTP/1.1" 40248
[28/Jul/2021:17:59:38 +0530] ::1 TLSv1.3 TLS_AES_256_GCM_SHA384 "GET /web/admin/assets/js/plugins/nouislider.min.js HTTP/1.1" 21163
[28/Jul/2021:17:59:38 +0530] ::1 TLSv1.3 TLS_AES_256_GCM_SHA384 "GET /web/admin/assets/js/plugins/fullcalendar.min.js HTTP/1.1" 213775
[28/Jul/2021:17:59:38 +0530] ::1 TLSv1.3 TLS_AES_256_GCM_SHA384 "GET /web/admin/assets/js/plugins/chartist.min.js HTTP/1.1" 40174
[28/Jul/2021:17:59:38 +0530] ::1 TLSv1.3 TLS_AES_256_GCM_SHA384 "GET /web/admin/assets/js/plugins/jasny-bootstrap.min.js HTTP/1.1" 16780
[28/Jul/2021:17:59:38 +0530] ::1 TLSv1.3 TLS_AES_256_GCM_SHA384 "GET /web/admin/assets/js/plugins/bootstrap-notify.js HTTP/1.1" 14466
[28/Jul/2021:17:59:38 +0530] ::1 TLSv1.3 TLS_AES_256_GCM_SHA384 "GET /web/admin/assets/js/plugins/jquery-jvectormap.js HTTP/1.1" 253881
[28/Jul/2021:17:59:38 +0530] ::1 TLSv1.3 TLS_AES_256_GCM_SHA384 "GET /web/admin/assets/js/plugins/arrive.min.js HTTP/1.1" 5091
[28/Jul/2021:17:59:38 +0530] ::1 TLSv1.3 TLS_AES_256_GCM_SHA384 "GET /web/admin/assets/js/plugins/jquery.dataTables.min.js HTTP/1.1" 2183500
[28/Jul/2021:17:59:38 +0530] ::1 TLSv1.3 TLS_AES_256_GCM_SHA384 "GET /web/admin/assets/js/material-dashboard.js?v=2.1.2 HTTP/1.1" 19482
[28/Jul/2021:17:59:38 +0530] ::1 TLSv1.3 TLS_AES_256_GCM_SHA384 "GET /web/admin/assets/demo/demo.js HTTP/1.1" 6529
[28/Jul/2021:17:59:39 +0530] ::1 TLSv1.3 TLS_AES_256_GCM_SHA384 "GET /web/admin/assets/img/sidebar-1.jpg HTTP/1.1" 103430
[28/Jul/2021:17:59:40 +0530] ::1 TLSv1.3 TLS_AES_256_GCM_SHA384 "GET /web/admin/assets/img/favicon.png HTTP/1.1" 2761
[28/Jul/2021:18:00:37 +0530] ::1 TLSv1.3 TLS_AES_256_GCM_SHA384 "GET /web/admin/admindetails.php HTTP/1.1" 21925
[28/Jul/2021:18:00:40 +0530] ::1 TLSv1.3 TLS_AES_256_GCM_SHA384 "GET /web/admin/aduser.php HTTP/1.1" 19743
[28/Jul/2021:18:00:41 +0530] ::1 TLSv1.3 TLS_AES_256_GCM_SHA384 "GET /web/admin/aduser.php HTTP/1.1" 19743
[28/Jul/2021:18:00:43 +0530] ::1 TLSv1.3 TLS_AES_256_GCM_SHA384 "GET /web/admin/staff2.php HTTP/1.1" 16809
[28/Jul/2021:18:00:55 +0530] ::1 TLSv1.3 TLS_AES_256_GCM_SHA384 "GET /web/ HTTP/1.1" 23654
[28/Jul/2021:18:00:55 +0530] ::1 TLSv1.3 TLS_AES_256_GCM_SHA384 "GET /web/css/bootstrap.css HTTP/1.1" 146010
[28/Jul/2021:18:00:55 +0530] ::1 TLSv1.3 TLS_AES_256_GCM_SHA384 "GET /web/css/flexslider.css HTTP/1.1" 4928
[28/Jul/2021:18:00:55 +0530] ::1 TLSv1.3 TLS_AES_256_GCM_SHA384 "GET /web/css/style.css HTTP/1.1" 53222
[28/Jul/2021:18:00:55 +0530] ::1 TLSv1.3 TLS_AES_256_GCM_SHA384 "GET /web/css/font-awesome.css HTTP/1.1" 35134
[28/Jul/2021:18:00:55 +0530] ::1 TLSv1.3 TLS_AES_256_GCM_SHA384 "GET /web/css/lightbox.css HTTP/1.1" 4002
[28/Jul/2021:18:00:55 +0530] ::1 TLSv1.3 TLS_AES_256_GCM_SHA384 "GET /web/css/popuo-box.css HTTP/1.1" 6557
[28/Jul/2021:18:00:55 +0530] ::1 TLSv1.3 TLS_AES_256_GCM_SHA384 "GET /web/js/jquery-2.1.4.min.js HTTP/1.1" 84345
[28/Jul/2021:18:00:55 +0530] ::1 TLSv1.3 TLS_AES_256_GCM_SHA384 "GET /web/js/bootstrap.js HTTP/1.1" 69707
[28/Jul/2021:18:00:55 +0530] ::1 TLSv1.3 TLS_AES_256_GCM_SHA384 "GET /web/js/numscroller-1.0.js HTTP/1.1" 3689
[28/Jul/2021:18:00:55 +0530] ::1 TLSv1.3 TLS_AES_256_GCM_SHA384 "GET /web/js/lightbox-plus-jquery.min.js HTTP/1.1" 93077
[28/Jul/2021:18:00:55 +0530] ::1 TLSv1.3 TLS_AES_256_GCM_SHA384 "GET /web/js/responsiveslides.min.js HTTP/1.1" 3397
[28/Jul/2021:18:00:55 +0530] ::1 TLSv1.3 TLS_AES_256_GCM_SHA384 "GET /web/js/jquery.vide.min.js HTTP/1.1" 4576
[28/Jul/2021:18:00:55 +0530] ::1 TLSv1.3 TLS_AES_256_GCM_SHA384 "GET /web/js/jquery.magnific-popup.js HTTP/1.1" 45732
[28/Jul/2021:18:00:55 +0530] ::1 TLSv1.3 TLS_AES_256_GCM_SHA384 "GET /web/js/SmoothScroll.min.js HTTP/1.1" 13797
[28/Jul/2021:18:00:55 +0530] ::1 TLSv1.3 TLS_AES_256_GCM_SHA384 "GET /web/js/move-top.js HTTP/1.1" 1330
[28/Jul/2021:18:00:55 +0530] ::1 TLSv1.3 TLS_AES_256_GCM_SHA384 "GET /web/js/easing.js HTTP/1.1" 4758
[28/Jul/2021:18:00:55 +0530] ::1 TLSv1.3 TLS_AES_256_GCM_SHA384 "GET /web/images/work.png HTTP/1.1" 287718
[28/Jul/2021:18:00:55 +0530] ::1 TLSv1.3 TLS_AES_256_GCM_SHA384 "GET /web/js/jquery.flexslider.js HTTP/1.1" 41110
[28/Jul/2021:18:00:55 +0530] ::1 TLSv1.3 TLS_AES_256_GCM_SHA384 "GET /web/images/2.jpg HTTP/1.1" 506125
[28/Jul/2021:18:00:55 +0530] ::1 TLSv1.3 TLS_AES_256_GCM_SHA384 "GET /web/images/1.jpg HTTP/1.1" 745190
[28/Jul/2021:18:00:55 +0530] ::1 TLSv1.3 TLS_AES_256_GCM_SHA384 "GET /web/images/3.jpg HTTP/1.1" 452944
[28/Jul/2021:18:00:55 +0530] ::1 TLSv1.3 TLS_AES_256_GCM_SHA384 "GET /web/images/a3.jpg HTTP/1.1" 202136
[28/Jul/2021:18:00:55 +0530] ::1 TLSv1.3 TLS_AES_256_GCM_SHA384 "GET /web/images/img-sprite.png HTTP/1.1" 3205
[28/Jul/2021:18:00:55 +0530] ::1 TLSv1.3 TLS_AES_256_GCM_SHA384 "GET /web/images/close.png HTTP/1.1" 280
[28/Jul/2021:18:00:55 +0530] ::1 TLSv1.3 TLS_AES_256_GCM_SHA384 "GET /web/images/arrow-up.png HTTP/1.1" 2935
[28/Jul/2021:18:00:55 +0530] ::1 TLSv1.3 TLS_AES_256_GCM_SHA384 "GET /web/fonts/fontawesome-webfont.woff2?v=4.6.3 HTTP/1.1" 71896
[28/Jul/2021:18:00:57 +0530] ::1 TLSv1.3 TLS_AES_256_GCM_SHA384 "GET /favicon.ico HTTP/1.1" 30894
[28/Jul/2021:18:01:01 +0530] ::1 TLSv1.3 TLS_AES_256_GCM_SHA384 "GET /web/login.php HTTP/1.1" 10885
